2016-11-23 17:17:14,381 [Worker-3] INFO  c.g.t.t.d.PublishedGradleVersions - Gradle version information cache is up-to-date. Trying to read.
2016-11-23 18:08:39,459 [Worker-3] INFO  c.g.t.t.d.PublishedGradleVersions - Gradle version information cache is up-to-date. Trying to read.
2016-11-23 18:09:43,450 [Worker-0] INFO  c.g.t.t.d.PublishedGradleVersions - Gradle version information cache is up-to-date. Trying to read.
2016-11-28 16:38:31,129 [Worker-1] INFO  c.g.t.t.d.PublishedGradleVersions - Gradle version information cache is out-of-date. Trying to update.
2016-12-05 10:46:09,114 [Worker-2] INFO  c.g.t.t.d.PublishedGradleVersions - Gradle version information cache is out-of-date. Trying to update.
2016-12-05 15:04:53,205 [Worker-2] INFO  c.g.t.t.d.PublishedGradleVersions - Gradle version information cache is up-to-date. Trying to read.
2016-12-20 10:38:28,640 [Worker-0] INFO  c.g.t.t.d.PublishedGradleVersions - Gradle version information cache is out-of-date. Trying to update.
2016-12-20 10:38:40,717 [Thread-7] ERROR org.eclipse.jgit.util.FS - 2016-12-20 10:38:37.156 xcodebuild[3806:165185] [MT] DVTPlugInManager: Required plug-in compatibility UUID DA4FDFD8-C509-4D8B-8B55-84A7B66AE701 for KSImageNamed.ideplugin (com.ksuther.KSImageNamed) not present
2016-12-20 10:38:39.041 xcodebuild[3806:165185] [MT] PluginLoading: Required plug-in compatibility UUID DA4FDFD8-C509-4D8B-8B55-84A7B66AE701 for plug-in at path '~/Library/Application Support/Developer/Shared/Xcode/Plug-ins/XVim.xcplugin' not present in DVTPlugInCompatibilityUUIDs
2016-12-20 10:38:39.042 xcodebuild[3806:165185] [MT] PluginLoading: Required plug-in compatibility UUID DA4FDFD8-C509-4D8B-8B55-84A7B66AE701 for plug-in at path '~/Library/Application Support/Developer/Shared/Xcode/Plug-ins/XcodeColors.xcplugin' not present in DVTPlugInCompatibilityUUIDs
2016-12-20 10:38:39.042 xcodebuild[3806:165185] [MT] PluginLoading: Required plug-in compatibility UUID DA4FDFD8-C509-4D8B-8B55-84A7B66AE701 for plug-in at path '~/Library/Application Support/Developer/Shared/Xcode/Plug-ins/VVDocumenter-Xcode.xcplugin' not present in DVTPlugInCompatibilityUUIDs
2016-12-20 10:38:39.043 xcodebuild[3806:165185] [MT] PluginLoading: Required plug-in compatibility UUID DA4FDFD8-C509-4D8B-8B55-84A7B66AE701 for plug-in at path '~/Library/Application Support/Developer/Shared/Xcode/Plug-ins/StarConsoleLink.xcplugin' not present in DVTPlugInCompatibilityUUIDs
2016-12-20 10:38:39.044 xcodebuild[3806:165185] [MT] PluginLoading: Required plug-in compatibility UUID DA4FDFD8-C509-4D8B-8B55-84A7B66AE701 for plug-in at path '~/Library/Application Support/Developer/Shared/Xcode/Plug-ins/RTImageAssets.xcplugin' not present in DVTPlugInCompatibilityUUIDs
2016-12-20 10:38:39.044 xcodebuild[3806:165185] [MT] PluginLoading: Required plug-in compatibility UUID DA4FDFD8-C509-4D8B-8B55-84A7B66AE701 for plug-in at path '~/Library/Application Support/Developer/Shared/Xcode/Plug-ins/Peckham.xcplugin' not present in DVTPlugInCompatibilityUUIDs
2016-12-20 10:38:39.045 xcodebuild[3806:165185] [MT] PluginLoading: Required plug-in compatibility UUID DA4FDFD8-C509-4D8B-8B55-84A7B66AE701 for plug-in at path '~/Library/Application Support/Developer/Shared/Xcode/Plug-ins/ColorSenseRainbow.xcplugin' not present in DVTPlugInCompatibilityUUIDs
2016-12-20 10:38:39.046 xcodebuild[3806:165185] [MT] PluginLoading: Required plug-in compatibility UUID DA4FDFD8-C509-4D8B-8B55-84A7B66AE701 for plug-in at path '~/Library/Application Support/Developer/Shared/Xcode/Plug-ins/CocoaPods.xcplugin' not present in DVTPlugInCompatibilityUUIDs
2016-12-20 10:38:39.047 xcodebuild[3806:165185] [MT] PluginLoading: Required plug-in compatibility UUID DA4FDFD8-C509-4D8B-8B55-84A7B66AE701 for plug-in at path '~/Library/Application Support/Developer/Shared/Xcode/Plug-ins/Alcatraz.xcplugin' not present in DVTPlugInCompatibilityUUIDs

2016-12-22 14:12:49,049 [Worker-1] INFO  c.g.t.t.d.PublishedGradleVersions - Gradle version information cache is out-of-date. Trying to update.
2016-12-22 14:12:55,884 [Thread-8] ERROR org.eclipse.jgit.util.FS - 2016-12-22 14:12:54.632 xcodebuild[8194:422023] [MT] DVTPlugInManager: Required plug-in compatibility UUID DA4FDFD8-C509-4D8B-8B55-84A7B66AE701 for KSImageNamed.ideplugin (com.ksuther.KSImageNamed) not present
2016-12-22 14:12:54.916 xcodebuild[8194:422023] [MT] PluginLoading: Required plug-in compatibility UUID DA4FDFD8-C509-4D8B-8B55-84A7B66AE701 for plug-in at path '~/Library/Application Support/Developer/Shared/Xcode/Plug-ins/XVim.xcplugin' not present in DVTPlugInCompatibilityUUIDs
2016-12-22 14:12:54.917 xcodebuild[8194:422023] [MT] PluginLoading: Required plug-in compatibility UUID DA4FDFD8-C509-4D8B-8B55-84A7B66AE701 for plug-in at path '~/Library/Application Support/Developer/Shared/Xcode/Plug-ins/XcodeColors.xcplugin' not present in DVTPlugInCompatibilityUUIDs
2016-12-22 14:12:54.917 xcodebuild[8194:422023] [MT] PluginLoading: Required plug-in compatibility UUID DA4FDFD8-C509-4D8B-8B55-84A7B66AE701 for plug-in at path '~/Library/Application Support/Developer/Shared/Xcode/Plug-ins/VVDocumenter-Xcode.xcplugin' not present in DVTPlugInCompatibilityUUIDs
2016-12-22 14:12:54.918 xcodebuild[8194:422023] [MT] PluginLoading: Required plug-in compatibility UUID DA4FDFD8-C509-4D8B-8B55-84A7B66AE701 for plug-in at path '~/Library/Application Support/Developer/Shared/Xcode/Plug-ins/StarConsoleLink.xcplugin' not present in DVTPlugInCompatibilityUUIDs
2016-12-22 14:12:54.918 xcodebuild[8194:422023] [MT] PluginLoading: Required plug-in compatibility UUID DA4FDFD8-C509-4D8B-8B55-84A7B66AE701 for plug-in at path '~/Library/Application Support/Developer/Shared/Xcode/Plug-ins/RTImageAssets.xcplugin' not present in DVTPlugInCompatibilityUUIDs
2016-12-22 14:12:54.919 xcodebuild[8194:422023] [MT] PluginLoading: Required plug-in compatibility UUID DA4FDFD8-C509-4D8B-8B55-84A7B66AE701 for plug-in at path '~/Library/Application Support/Developer/Shared/Xcode/Plug-ins/Peckham.xcplugin' not present in DVTPlugInCompatibilityUUIDs
2016-12-22 14:12:54.919 xcodebuild[8194:422023] [MT] PluginLoading: Required plug-in compatibility UUID DA4FDFD8-C509-4D8B-8B55-84A7B66AE701 for plug-in at path '~/Library/Application Support/Developer/Shared/Xcode/Plug-ins/ColorSenseRainbow.xcplugin' not present in DVTPlugInCompatibilityUUIDs
2016-12-22 14:12:54.920 xcodebuild[8194:422023] [MT] PluginLoading: Required plug-in compatibility UUID DA4FDFD8-C509-4D8B-8B55-84A7B66AE701 for plug-in at path '~/Library/Application Support/Developer/Shared/Xcode/Plug-ins/CocoaPods.xcplugin' not present in DVTPlugInCompatibilityUUIDs
2016-12-22 14:12:54.920 xcodebuild[8194:422023] [MT] PluginLoading: Required plug-in compatibility UUID DA4FDFD8-C509-4D8B-8B55-84A7B66AE701 for plug-in at path '~/Library/Application Support/Developer/Shared/Xcode/Plug-ins/Alcatraz.xcplugin' not present in DVTPlugInCompatibilityUUIDs

2016-12-22 14:13:14,892 [Worker-1] INFO  c.g.t.t.d.PublishedGradleVersions - Updating Gradle version information cache failed. Using outdated cache.
2016-12-22 15:11:58,377 [Worker-3] INFO  c.g.t.t.d.PublishedGradleVersions - Gradle version information cache is out-of-date. Trying to update.
